This is pdfTeX, Version 3.141592653-2.6-1.40.26 (TeX Live 2024/Arch Linux) (preloaded format=pdflatex 2024.10.2)  6 OCT 2024 21:11
entering extended mode
 restricted \write18 enabled.
 %&-line parsing enabled.
**main_part.tex
(./main_part.tex
LaTeX2e <2023-11-01> patch level 1
L3 programming layer <2024-02-20>
! Undefined control sequence.
l.1 \chapter
            {–û—Å–Ω–æ–≤–Ω–∞—è —á–∞—Å—Ç—å}
The control sequence at the end of the top line
of your error message was never \def'ed. If you have
misspelled it (e.g., `\hobx'), type `I' and the correct
spelling (e.g., `I\hbox'). Otherwise just continue,
and I'll forget about whatever was undefined.


! LaTeX Error: Unicode character –û (U+041E)
               not set up for use with LaTeX.

See the LaTeX manual or LaTeX Companion for explanation.
Type  H <return>  for immediate help.
 ...                                              
                                                  
l.1 \chapter{–û
               —Å–Ω–æ–≤–Ω–∞—è —á–∞—Å—Ç—å}
You may provide a definition with
\DeclareUnicodeCharacter 


! LaTeX Error: Unicode character —Å (U+0441)
               not set up for use with LaTeX.

See the LaTeX manual or LaTeX Companion for explanation.
Type  H <return>  for immediate help.
 ...                                              
                                                  
l.1 \chapter{–û—Å
                 –Ω–æ–≤–Ω–∞—è —á–∞—Å—Ç—å}
You may provide a definition with
\DeclareUnicodeCharacter 


! LaTeX Error: Unicode character –Ω (U+043D)
               not set up for use with LaTeX.

See the LaTeX manual or LaTeX Companion for explanation.
Type  H <return>  for immediate help.
 ...                                              
                                                  
l.1 \chapter{–û—Å–Ω
                   –æ–≤–Ω–∞—è —á–∞—Å—Ç—å}
You may provide a definition with
\DeclareUnicodeCharacter 


! LaTeX Error: Unicode character –æ (U+043E)
               not set up for use with LaTeX.

See the LaTeX manual or LaTeX Companion for explanation.
Type  H <return>  for immediate help.
 ...                                              
                                                  
l.1 \chapter{–û—Å–Ω–æ
                     –≤–Ω–∞—è —á–∞—Å—Ç—å}
You may provide a definition with
\DeclareUnicodeCharacter 


! LaTeX Error: Unicode character –≤ (U+0432)
               not set up for use with LaTeX.

See the LaTeX manual or LaTeX Companion for explanation.
Type  H <return>  for immediate help.
 ...                                              
                                                  
l.1 \chapter{–û—Å–Ω–æ–≤
                       –Ω–∞—è —á–∞—Å—Ç—å}
You may provide a definition with
\DeclareUnicodeCharacter 


! LaTeX Error: Unicode character –Ω (U+043D)
               not set up for use with LaTeX.

See the LaTeX manual or LaTeX Companion for explanation.
Type  H <return>  for immediate help.
 ...                                              
                                                  
l.1 \chapter{–û—Å–Ω–æ–≤–Ω
                         –∞—è —á–∞—Å—Ç—å}
You may provide a definition with
\DeclareUnicodeCharacter 


! LaTeX Error: Unicode character –∞ (U+0430)
               not set up for use with LaTeX.

See the LaTeX manual or LaTeX Companion for explanation.
Type  H <return>  for immediate help.
 ...                                              
                                                  
l.1 \chapter{–û—Å–Ω–æ–≤–Ω–∞
                           —è —á–∞—Å—Ç—å}
You may provide a definition with
\DeclareUnicodeCharacter 


! LaTeX Error: Unicode character —è (U+044F)
               not set up for use with LaTeX.

See the LaTeX manual or LaTeX Companion for explanation.
Type  H <return>  for immediate help.
 ...                                              
                                                  
l.1 \chapter{–û—Å–Ω–æ–≤–Ω–∞—è
                              —á–∞—Å—Ç—å}
You may provide a definition with
\DeclareUnicodeCharacter 


! LaTeX Error: Unicode character —á (U+0447)
               not set up for use with LaTeX.

See the LaTeX manual or LaTeX Companion for explanation.
Type  H <return>  for immediate help.
 ...                                              
                                                  
l.1 \chapter{–û—Å–Ω–æ–≤–Ω–∞—è —á
                                –∞—Å—Ç—å}
You may provide a definition with
\DeclareUnicodeCharacter 


! LaTeX Error: Unicode character –∞ (U+0430)
               not set up for use with LaTeX.

See the LaTeX manual or LaTeX Companion for explanation.
Type  H <return>  for immediate help.
 ...                                              
                                                  
l.1 \chapter{–û—Å–Ω–æ–≤–Ω–∞—è —á–∞
                                  —Å—Ç—å}
You may provide a definition with
\DeclareUnicodeCharacter 


! LaTeX Error: Unicode character —Å (U+0441)
               not set up for use with LaTeX.

See the LaTeX manual or LaTeX Companion for explanation.
Type  H <return>  for immediate help.
 ...                                              
                                                  
l.1 \chapter{–û—Å–Ω–æ–≤–Ω–∞—è —á–∞—Å
                                    —Ç—å}
You may provide a definition with
\DeclareUnicodeCharacter 


! LaTeX Error: Unicode character —Ç (U+0442)
               not set up for use with LaTeX.

See the LaTeX manual or LaTeX Companion for explanation.
Type  H <return>  for immediate help.
 ...                                              
                                                  
l.1 \chapter{–û—Å–Ω–æ–≤–Ω–∞—è —á–∞—Å—Ç
                                      —å}
You may provide a definition with
\DeclareUnicodeCharacter 


! LaTeX Error: Unicode character —å (U+044C)
               not set up for use with LaTeX.

See the LaTeX manual or LaTeX Companion for explanation.
Type  H <return>  for immediate help.
 ...                                              
                                                  
l.1 \chapter{–û—Å–Ω–æ–≤–Ω–∞—è —á–∞—Å—Ç—å
                                        }
You may provide a definition with
\DeclareUnicodeCharacter 

! Undefined control sequence.
l.2 \section
            {–û–±—â–∏–µ —Ç–µ–æ—Ä–µ—Ç–∏—á–µ—Å–∫–∏–µ —Å–≤–µ–¥–µ–Ω–∏—è}
The control sequence at the end of the top line
of your error message was never \def'ed. If you have
misspelled it (e.g., `\hobx'), type `I' and the correct
spelling (e.g., `I\hbox'). Otherwise just continue,
and I'll forget about whatever was undefined.


! LaTeX Error: Unicode character –û (U+041E)
               not set up for use with LaTeX.

See the LaTeX manual or LaTeX Companion for explanation.
Type  H <return>  for immediate help.
 ...                                              
                                                  
l.2 \section{–û
               –±—â–∏–µ —Ç–µ–æ—Ä–µ—Ç–∏—á–µ—Å–∫–∏–µ —Å–≤–µ–¥–µ–Ω–∏—è}
You may provide a definition with
\DeclareUnicodeCharacter 


! LaTeX Error: Unicode character –± (U+0431)
               not set up for use with LaTeX.

See the LaTeX manual or LaTeX Companion for explanation.
Type  H <return>  for immediate help.
 ...                                              
                                                  
l.2 \section{–û–±
                 —â–∏–µ —Ç–µ–æ—Ä–µ—Ç–∏—á–µ—Å–∫–∏–µ —Å–≤–µ–¥–µ–Ω–∏—è}
You may provide a definition with
\DeclareUnicodeCharacter 


! LaTeX Error: Unicode character —â (U+0449)
               not set up for use with LaTeX.

See the LaTeX manual or LaTeX Companion for explanation.
Type  H <return>  for immediate help.
 ...                                              
                                                  
l.2 \section{–û–±—â
                   –∏–µ —Ç–µ–æ—Ä–µ—Ç–∏—á–µ—Å–∫–∏–µ —Å–≤–µ–¥–µ–Ω–∏—è}
You may provide a definition with
\DeclareUnicodeCharacter 


! LaTeX Error: Unicode character –∏ (U+0438)
               not set up for use with LaTeX.

See the LaTeX manual or LaTeX Companion for explanation.
Type  H <return>  for immediate help.
 ...                                              
                                                  
l.2 \section{–û–±—â–∏
                     –µ —Ç–µ–æ—Ä–µ—Ç–∏—á–µ—Å–∫–∏–µ —Å–≤–µ–¥–µ–Ω–∏—è}
You may provide a definition with
\DeclareUnicodeCharacter 


! LaTeX Error: Unicode character –µ (U+0435)
               not set up for use with LaTeX.

See the LaTeX manual or LaTeX Companion for explanation.
Type  H <return>  for immediate help.
 ...                                              
                                                  
l.2 \section{–û–±—â–∏–µ
                        —Ç–µ–æ—Ä–µ—Ç–∏—á–µ—Å–∫–∏–µ —Å–≤–µ–¥–µ–Ω–∏—è}
You may provide a definition with
\DeclareUnicodeCharacter 


! LaTeX Error: Unicode character —Ç (U+0442)
               not set up for use with LaTeX.

See the LaTeX manual or LaTeX Companion for explanation.
Type  H <return>  for immediate help.
 ...                                              
                                                  
l.2 \section{–û–±—â–∏–µ —Ç
                          –µ–æ—Ä–µ—Ç–∏—á–µ—Å–∫–∏–µ —Å–≤–µ–¥–µ–Ω–∏—è}
You may provide a definition with
\DeclareUnicodeCharacter 


! LaTeX Error: Unicode character –µ (U+0435)
               not set up for use with LaTeX.

See the LaTeX manual or LaTeX Companion for explanation.
Type  H <return>  for immediate help.
 ...                                              
                                                  
l.2 \section{–û–±—â–∏–µ —Ç–µ
                            –æ—Ä–µ—Ç–∏—á–µ—Å–∫–∏–µ —Å–≤–µ–¥–µ–Ω–∏—è}
You may provide a definition with
\DeclareUnicodeCharacter 


! LaTeX Error: Unicode character –æ (U+043E)
               not set up for use with LaTeX.

See the LaTeX manual or LaTeX Companion for explanation.
Type  H <return>  for immediate help.
 ...                                              
                                                  
l.2 \section{–û–±—â–∏–µ —Ç–µ–æ
                              —Ä–µ—Ç–∏—á–µ—Å–∫–∏–µ —Å–≤–µ–¥–µ–Ω–∏—è}
You may provide a definition with
\DeclareUnicodeCharacter 


! LaTeX Error: Unicode character —Ä (U+0440)
               not set up for use with LaTeX.

See the LaTeX manual or LaTeX Companion for explanation.
Type  H <return>  for immediate help.
 ...                                              
                                                  
l.2 \section{–û–±—â–∏–µ —Ç–µ–æ—Ä
                                –µ—Ç–∏—á–µ—Å–∫–∏–µ —Å–≤–µ–¥–µ–Ω–∏—è}
You may provide a definition with
\DeclareUnicodeCharacter 


! LaTeX Error: Unicode character –µ (U+0435)
               not set up for use with LaTeX.

See the LaTeX manual or LaTeX Companion for explanation.
Type  H <return>  for immediate help.
 ...                                              
                                                  
l.2 \section{–û–±—â–∏–µ —Ç–µ–æ—Ä–µ
                                  —Ç–∏—á–µ—Å–∫–∏–µ —Å–≤–µ–¥–µ–Ω–∏—è}
You may provide a definition with
\DeclareUnicodeCharacter 


! LaTeX Error: Unicode character —Ç (U+0442)
               not set up for use with LaTeX.

See the LaTeX manual or LaTeX Companion for explanation.
Type  H <return>  for immediate help.
 ...                                              
                                                  
l.2 \section{–û–±—â–∏–µ —Ç–µ–æ—Ä–µ—Ç
                                    –∏—á–µ—Å–∫–∏–µ —Å–≤–µ–¥–µ–Ω–∏—è}
You may provide a definition with
\DeclareUnicodeCharacter 


! LaTeX Error: Unicode character –∏ (U+0438)
               not set up for use with LaTeX.

See the LaTeX manual or LaTeX Companion for explanation.
Type  H <return>  for immediate help.
 ...                                              
                                                  
l.2 \section{–û–±—â–∏–µ —Ç–µ–æ—Ä–µ—Ç–∏
                                      —á–µ—Å–∫–∏–µ —Å–≤–µ–¥–µ–Ω–∏—è}
You may provide a definition with
\DeclareUnicodeCharacter 


! LaTeX Error: Unicode character —á (U+0447)
               not set up for use with LaTeX.

See the LaTeX manual or LaTeX Companion for explanation.
Type  H <return>  for immediate help.
 ...                                              
                                                  
l.2 \section{–û–±—â–∏–µ —Ç–µ–æ—Ä–µ—Ç–∏—á
                                        –µ—Å–∫–∏–µ —Å–≤–µ–¥–µ–Ω–∏—è}
You may provide a definition with
\DeclareUnicodeCharacter 


! LaTeX Error: Unicode character –µ (U+0435)
               not set up for use with LaTeX.

See the LaTeX manual or LaTeX Companion for explanation.
Type  H <return>  for immediate help.
 ...                                              
                                                  
l.2 \section{–û–±—â–∏–µ —Ç–µ–æ—Ä–µ—Ç–∏—á–µ
                                          —Å–∫–∏–µ —Å–≤–µ–¥–µ–Ω–∏—è}
You may provide a definition with
\DeclareUnicodeCharacter 


! LaTeX Error: Unicode character —Å (U+0441)
               not set up for use with LaTeX.

See the LaTeX manual or LaTeX Companion for explanation.
Type  H <return>  for immediate help.
 ...                                              
                                                  
l.2 \section{–û–±—â–∏–µ —Ç–µ–æ—Ä–µ—Ç–∏—á–µ—Å
                                            –∫–∏–µ —Å–≤–µ–¥–µ–Ω–∏—è}
You may provide a definition with
\DeclareUnicodeCharacter 


! LaTeX Error: Unicode character –∫ (U+043A)
               not set up for use with LaTeX.

See the LaTeX manual or LaTeX Companion for explanation.
Type  H <return>  for immediate help.
 ...                                              
                                                  
l.2 \section{–û–±—â–∏–µ —Ç–µ–æ—Ä–µ—Ç–∏—á–µ—Å–∫
                                              –∏–µ —Å–≤–µ–¥–µ–Ω–∏—è}
You may provide a definition with
\DeclareUnicodeCharacter 


! LaTeX Error: Unicode character –∏ (U+0438)
               not set up for use with LaTeX.

See the LaTeX manual or LaTeX Companion for explanation.
Type  H <return>  for immediate help.
 ...                                              
                                                  
l.2 \section{–û–±—â–∏–µ —Ç–µ–æ—Ä–µ—Ç–∏—á–µ—Å–∫–∏
                                                –µ —Å–≤–µ–¥–µ–Ω–∏—è}
You may provide a definition with
\DeclareUnicodeCharacter 


! LaTeX Error: Unicode character –µ (U+0435)
               not set up for use with LaTeX.

See the LaTeX manual or LaTeX Companion for explanation.
Type  H <return>  for immediate help.
 ...                                              
                                                  
l.2 \section{–û–±—â–∏–µ —Ç–µ–æ—Ä–µ—Ç–∏—á–µ—Å–∫–∏–µ
                                                   —Å–≤–µ–¥–µ–Ω–∏—è}
You may provide a definition with
\DeclareUnicodeCharacter 


! LaTeX Error: Unicode character —Å (U+0441)
               not set up for use with LaTeX.

See the LaTeX manual or LaTeX Companion for explanation.
Type  H <return>  for immediate help.
 ...                                              
                                                  
l.2 ...on{–û–±—â–∏–µ —Ç–µ–æ—Ä–µ—Ç–∏—á–µ—Å–∫–∏–µ —Å
                                                  –≤–µ–¥–µ–Ω–∏—è}
You may provide a definition with
\DeclareUnicodeCharacter 


! LaTeX Error: Unicode character –≤ (U+0432)
               not set up for use with LaTeX.

See the LaTeX manual or LaTeX Companion for explanation.
Type  H <return>  for immediate help.
 ...                                              
                                                  
l.2 ...{–û–±—â–∏–µ —Ç–µ–æ—Ä–µ—Ç–∏—á–µ—Å–∫–∏–µ —Å–≤
                                                  –µ–¥–µ–Ω–∏—è}
You may provide a definition with
\DeclareUnicodeCharacter 


! LaTeX Error: Unicode character –µ (U+0435)
               not set up for use with LaTeX.

See the LaTeX manual or LaTeX Companion for explanation.
Type  H <return>  for immediate help.
 ...                                              
                                                  
l.2 ...û–±—â–∏–µ —Ç–µ–æ—Ä–µ—Ç–∏—á–µ—Å–∫–∏–µ —Å–≤–µ
                                                  –¥–µ–Ω–∏—è}
You may provide a definition with
\DeclareUnicodeCharacter 


! LaTeX Error: Unicode character –¥ (U+0434)
               not set up for use with LaTeX.

See the LaTeX manual or LaTeX Companion for explanation.
Type  H <return>  for immediate help.
 ...                                              
                                                  
l.2 ...±—â–∏–µ —Ç–µ–æ—Ä–µ—Ç–∏—á–µ—Å–∫–∏–µ —Å–≤–µ–¥
                                                  –µ–Ω–∏—è}
You may provide a definition with
\DeclareUnicodeCharacter 


! LaTeX Error: Unicode character –µ (U+0435)
               not set up for use with LaTeX.

See the LaTeX manual or LaTeX Companion for explanation.
Type  H <return>  for immediate help.
 ...                                              
                                                  
l.2 ...â–∏–µ —Ç–µ–æ—Ä–µ—Ç–∏—á–µ—Å–∫–∏–µ —Å–≤–µ–¥–µ
                                                  –Ω–∏—è}
You may provide a definition with
\DeclareUnicodeCharacter 


! LaTeX Error: Unicode character –Ω (U+043D)
               not set up for use with LaTeX.

See the LaTeX manual or LaTeX Companion for explanation.
Type  H <return>  for immediate help.
 ...                                              
                                                  
l.2 ...∏–µ —Ç–µ–æ—Ä–µ—Ç–∏—á–µ—Å–∫–∏–µ —Å–≤–µ–¥–µ–Ω
                                                  –∏—è}
You may provide a definition with
\DeclareUnicodeCharacter 


! LaTeX Error: Unicode character –∏ (U+0438)
               not set up for use with LaTeX.

See the LaTeX manual or LaTeX Companion for explanation.
Type  H <return>  for immediate help.
 ...                                              
                                                  
l.2 ...µ —Ç–µ–æ—Ä–µ—Ç–∏—á–µ—Å–∫–∏–µ —Å–≤–µ–¥–µ–Ω–∏
                                                  —è}
You may provide a definition with
\DeclareUnicodeCharacter 


! LaTeX Error: Unicode character —è (U+044F)
               not set up for use with LaTeX.

See the LaTeX manual or LaTeX Companion for explanation.
Type  H <return>  for immediate help.
 ...                                              
                                                  
l.2 ...—Ç–µ–æ—Ä–µ—Ç–∏—á–µ—Å–∫–∏–µ —Å–≤–µ–¥–µ–Ω–∏—è
                                                  }
You may provide a definition with
\DeclareUnicodeCharacter 


! LaTeX Error: Missing \begin{document}.

See the LaTeX manual or LaTeX Companion for explanation.
Type  H <return>  for immediate help.
 ...                                              
                                                  
l.4 R
     ISC-V —è–≤–ª—è–µ—Ç—Å—è –æ—Ç–∫—Ä—ã—Ç—ã–º —Å–æ–≤—Ä–µ–º–µ–Ω–Ω—ã–º –Ω–∞–±–æ...

You're in trouble here.  Try typing  <return>  to proceed.
If that doesn't work, type  X <return>  to quit.

Missing character: There is no R in font nullfont!
Missing character: There is no I in font nullfont!
Missing character: There is no S in font nullfont!
Missing character: There is no C in font nullfont!
Missing character: There is no - in font nullfont!
Missing character: There is no V in font nullfont!

! LaTeX Error: Unicode character —è (U+044F)
               not set up for use with LaTeX.

See the LaTeX manual or LaTeX Companion for explanation.
Type  H <return>  for immediate help.
 ...                                              
                                                  
l.4 RISC-V —è
             –≤–ª—è–µ—Ç—Å—è –æ—Ç–∫—Ä—ã—Ç—ã–º —Å–æ–≤—Ä–µ–º–µ–Ω–Ω—ã–º –Ω–∞–±–æ...

You may provide a definition with
\DeclareUnicodeCharacter 


! LaTeX Error: Unicode character –≤ (U+0432)
               not set up for use with LaTeX.

See the LaTeX manual or LaTeX Companion for explanation.
Type  H <return>  for immediate help.
 ...                                              
                                                  
l.4 RISC-V —è–≤
               –ª—è–µ—Ç—Å—è –æ—Ç–∫—Ä—ã—Ç—ã–º —Å–æ–≤—Ä–µ–º–µ–Ω–Ω—ã–º –Ω–∞–±–æ...

You may provide a definition with
\DeclareUnicodeCharacter 


! LaTeX Error: Unicode character –ª (U+043B)
               not set up for use with LaTeX.

See the LaTeX manual or LaTeX Companion for explanation.
Type  H <return>  for immediate help.
 ...                                              
                                                  
l.4 RISC-V —è–≤–ª
                 —è–µ—Ç—Å—è –æ—Ç–∫—Ä—ã—Ç—ã–º —Å–æ–≤—Ä–µ–º–µ–Ω–Ω—ã–º –Ω–∞–±–æ...

You may provide a definition with
\DeclareUnicodeCharacter 


! LaTeX Error: Unicode character —è (U+044F)
               not set up for use with LaTeX.

See the LaTeX manual or LaTeX Companion for explanation.
Type  H <return>  for immediate help.
 ...                                              
                                                  
l.4 RISC-V —è–≤–ª—è
                   –µ—Ç—Å—è –æ—Ç–∫—Ä—ã—Ç—ã–º —Å–æ–≤—Ä–µ–º–µ–Ω–Ω—ã–º –Ω–∞–±–æ...

You may provide a definition with
\DeclareUnicodeCharacter 


! LaTeX Error: Unicode character –µ (U+0435)
               not set up for use with LaTeX.

See the LaTeX manual or LaTeX Companion for explanation.
Type  H <return>  for immediate help.
 ...                                              
                                                  
l.4 RISC-V —è–≤–ª—è–µ
                     —Ç—Å—è –æ—Ç–∫—Ä—ã—Ç—ã–º —Å–æ–≤—Ä–µ–º–µ–Ω–Ω—ã–º –Ω–∞–±–æ...

You may provide a definition with
\DeclareUnicodeCharacter 


! LaTeX Error: Unicode character —Ç (U+0442)
               not set up for use with LaTeX.

See the LaTeX manual or LaTeX Companion for explanation.
Type  H <return>  for immediate help.
 ...                                              
                                                  
l.4 RISC-V —è–≤–ª—è–µ—Ç
                       —Å—è –æ—Ç–∫—Ä—ã—Ç—ã–º —Å–æ–≤—Ä–µ–º–µ–Ω–Ω—ã–º –Ω–∞–±–æ...

You may provide a definition with
\DeclareUnicodeCharacter 


! LaTeX Error: Unicode character —Å (U+0441)
               not set up for use with LaTeX.

See the LaTeX manual or LaTeX Companion for explanation.
Type  H <return>  for immediate help.
 ...                                              
                                                  
l.4 RISC-V —è–≤–ª—è–µ—Ç—Å
                         —è –æ—Ç–∫—Ä—ã—Ç—ã–º —Å–æ–≤—Ä–µ–º–µ–Ω–Ω—ã–º –Ω–∞–±–æ...

You may provide a definition with
\DeclareUnicodeCharacter 


! LaTeX Error: Unicode character —è (U+044F)
               not set up for use with LaTeX.

See the LaTeX manual or LaTeX Companion for explanation.
Type  H <return>  for immediate help.
 ...                                              
                                                  
l.4 RISC-V —è–≤–ª—è–µ—Ç—Å—è
                            –æ—Ç–∫—Ä—ã—Ç—ã–º —Å–æ–≤—Ä–µ–º–µ–Ω–Ω—ã–º –Ω–∞–±–æ...

You may provide a definition with
\DeclareUnicodeCharacter 


! LaTeX Error: Unicode character –æ (U+043E)
               not set up for use with LaTeX.

See the LaTeX manual or LaTeX Companion for explanation.
Type  H <return>  for immediate help.
 ...                                              
                                                  
l.4 RISC-V —è–≤–ª—è–µ—Ç—Å—è –æ
                              —Ç–∫—Ä—ã—Ç—ã–º —Å–æ–≤—Ä–µ–º–µ–Ω–Ω—ã–º –Ω–∞–±–æ...

You may provide a definition with
\DeclareUnicodeCharacter 


! LaTeX Error: Unicode character —Ç (U+0442)
               not set up for use with LaTeX.

See the LaTeX manual or LaTeX Companion for explanation.
Type  H <return>  for immediate help.
 ...                                              
                                                  
l.4 RISC-V —è–≤–ª—è–µ—Ç—Å—è –æ—Ç
                                –∫—Ä—ã—Ç—ã–º —Å–æ–≤—Ä–µ–º–µ–Ω–Ω—ã–º –Ω–∞–±–æ...

You may provide a definition with
\DeclareUnicodeCharacter 


! LaTeX Error: Unicode character –∫ (U+043A)
               not set up for use with LaTeX.

See the LaTeX manual or LaTeX Companion for explanation.
Type  H <return>  for immediate help.
 ...                                              
                                                  
l.4 RISC-V —è–≤–ª—è–µ—Ç—Å—è –æ—Ç–∫
                                  —Ä—ã—Ç—ã–º —Å–æ–≤—Ä–µ–º–µ–Ω–Ω—ã–º –Ω–∞–±–æ...

You may provide a definition with
\DeclareUnicodeCharacter 


! LaTeX Error: Unicode character —Ä (U+0440)
               not set up for use with LaTeX.

See the LaTeX manual or LaTeX Companion for explanation.
Type  H <return>  for immediate help.
 ...                                              
                                                  
l.4 RISC-V —è–≤–ª—è–µ—Ç—Å—è –æ—Ç–∫—Ä
                                    —ã—Ç—ã–º —Å–æ–≤—Ä–µ–º–µ–Ω–Ω—ã–º –Ω–∞–±–æ...

You may provide a definition with
\DeclareUnicodeCharacter 


! LaTeX Error: Unicode character —ã (U+044B)
               not set up for use with LaTeX.

See the LaTeX manual or LaTeX Companion for explanation.
Type  H <return>  for immediate help.
 ...                                              
                                                  
l.4 RISC-V —è–≤–ª—è–µ—Ç—Å—è –æ—Ç–∫—Ä—ã
                                      —Ç—ã–º —Å–æ–≤—Ä–µ–º–µ–Ω–Ω—ã–º –Ω–∞–±–æ...

You may provide a definition with
\DeclareUnicodeCharacter 


! LaTeX Error: Unicode character —Ç (U+0442)
               not set up for use with LaTeX.

See the LaTeX manual or LaTeX Companion for explanation.
Type  H <return>  for immediate help.
 ...                                              
                                                  
l.4 RISC-V —è–≤–ª—è–µ—Ç—Å—è –æ—Ç–∫—Ä—ã—Ç
                                        —ã–º —Å–æ–≤—Ä–µ–º–µ–Ω–Ω—ã–º –Ω–∞–±–æ...

You may provide a definition with
\DeclareUnicodeCharacter 


! LaTeX Error: Unicode character —ã (U+044B)
               not set up for use with LaTeX.

See the LaTeX manual or LaTeX Companion for explanation.
Type  H <return>  for immediate help.
 ...                                              
                                                  
l.4 RISC-V —è–≤–ª—è–µ—Ç—Å—è –æ—Ç–∫—Ä—ã—Ç—ã
                                          –º —Å–æ–≤—Ä–µ–º–µ–Ω–Ω—ã–º –Ω–∞–±–æ...

You may provide a definition with
\DeclareUnicodeCharacter 


! LaTeX Error: Unicode character –º (U+043C)
               not set up for use with LaTeX.

See the LaTeX manual or LaTeX Companion for explanation.
Type  H <return>  for immediate help.
 ...                                              
                                                  
l.4 RISC-V —è–≤–ª—è–µ—Ç—Å—è –æ—Ç–∫—Ä—ã—Ç—ã–º
                                             —Å–æ–≤—Ä–µ–º–µ–Ω–Ω—ã–º –Ω–∞–±–æ...

You may provide a definition with
\DeclareUnicodeCharacter 


! LaTeX Error: Unicode character —Å (U+0441)
               not set up for use with LaTeX.

See the LaTeX manual or LaTeX Companion for explanation.
Type  H <return>  for immediate help.
 ...                                              
                                                  
l.4 RISC-V —è–≤–ª—è–µ—Ç—Å—è –æ—Ç–∫—Ä—ã—Ç—ã–º —Å
                                               –æ–≤—Ä–µ–º–µ–Ω–Ω—ã–º –Ω–∞–±–æ...

You may provide a definition with
\DeclareUnicodeCharacter 


! LaTeX Error: Unicode character –æ (U+043E)
               not set up for use with LaTeX.

See the LaTeX manual or LaTeX Companion for explanation.
Type  H <return>  for immediate help.
 ...                                              
                                                  
l.4 RISC-V —è–≤–ª—è–µ—Ç—Å—è –æ—Ç–∫—Ä—ã—Ç—ã–º —Å–æ
                                                 –≤—Ä–µ–º–µ–Ω–Ω—ã–º –Ω–∞–±–æ...

You may provide a definition with
\DeclareUnicodeCharacter 


! LaTeX Error: Unicode character –≤ (U+0432)
               not set up for use with LaTeX.

See the LaTeX manual or LaTeX Companion for explanation.
Type  H <return>  for immediate help.
 ...                                              
                                                  
l.4 ...-V —è–≤–ª—è–µ—Ç—Å—è –æ—Ç–∫—Ä—ã—Ç—ã–º —Å–æ–≤
                                                  —Ä–µ–º–µ–Ω–Ω—ã–º –Ω–∞–±–æ—...

You may provide a definition with
\DeclareUnicodeCharacter 


! LaTeX Error: Unicode character —Ä (U+0440)
               not set up for use with LaTeX.

See the LaTeX manual or LaTeX Companion for explanation.
Type  H <return>  for immediate help.
 ...                                              
                                                  
l.4 ... —è–≤–ª—è–µ—Ç—Å—è –æ—Ç–∫—Ä—ã—Ç—ã–º —Å–æ–≤—Ä
                                                  –µ–º–µ–Ω–Ω—ã–º –Ω–∞–±–æ—Ä–...

You may provide a definition with
\DeclareUnicodeCharacter 


! LaTeX Error: Unicode character –µ (U+0435)
               not set up for use with LaTeX.

See the LaTeX manual or LaTeX Companion for explanation.
Type  H <return>  for immediate help.
 ...                                              
                                                  
l.4 ...è–≤–ª—è–µ—Ç—Å—è –æ—Ç–∫—Ä—ã—Ç—ã–º —Å–æ–≤—Ä–µ
                                                  –º–µ–Ω–Ω—ã–º –Ω–∞–±–æ—Ä–æ–...

You may provide a definition with
\DeclareUnicodeCharacter 


! LaTeX Error: Unicode character –º (U+043C)
               not set up for use with LaTeX.

See the LaTeX manual or LaTeX Companion for explanation.
Type  H <return>  for immediate help.
 ...                                              
                                                  
l.4 ...≤–ª—è–µ—Ç—Å—è –æ—Ç–∫—Ä—ã—Ç—ã–º —Å–æ–≤—Ä–µ–º
                                                  –µ–Ω–Ω—ã–º –Ω–∞–±–æ—Ä–æ–º ...

You may provide a definition with
\DeclareUnicodeCharacter 


! LaTeX Error: Unicode character –µ (U+0435)
               not set up for use with LaTeX.

See the LaTeX manual or LaTeX Companion for explanation.
Type  H <return>  for immediate help.
 ...                                              
                                                  
l.4 ...ª—è–µ—Ç—Å—è –æ—Ç–∫—Ä—ã—Ç—ã–º —Å–æ–≤—Ä–µ–º–µ
                                                  –Ω–Ω—ã–º –Ω–∞–±–æ—Ä–æ–º –∫...

You may provide a definition with
\DeclareUnicodeCharacter 


! LaTeX Error: Unicode character –Ω (U+043D)
               not set up for use with LaTeX.

See the LaTeX manual or LaTeX Companion for explanation.
Type  H <return>  for immediate help.
 ...                                              
                                                  
l.4 ...è–µ—Ç—Å—è –æ—Ç–∫—Ä—ã—Ç—ã–º —Å–æ–≤—Ä–µ–º–µ–Ω
                                                  –Ω—ã–º –Ω–∞–±–æ—Ä–æ–º –∫–æ...

You may provide a definition with
\DeclareUnicodeCharacter 


! LaTeX Error: Unicode character –Ω (U+043D)
               not set up for use with LaTeX.

See the LaTeX manual or LaTeX Companion for explanation.
Type  H <return>  for immediate help.
 ...                                              
                                                  
l.4 ...µ—Ç—Å—è –æ—Ç–∫—Ä—ã—Ç—ã–º —Å–æ–≤—Ä–µ–º–µ–Ω–Ω
                                                  —ã–º –Ω–∞–±–æ—Ä–æ–º –∫–æ–º...

You may provide a definition with
\DeclareUnicodeCharacter 


! LaTeX Error: Unicode character —ã (U+044B)
               not set up for use with LaTeX.

See the LaTeX manual or LaTeX Companion for explanation.
Type  H <return>  for immediate help.
 ...                                              
                                                  
l.4 ...Ç—Å—è –æ—Ç–∫—Ä—ã—Ç—ã–º —Å–æ–≤—Ä–µ–º–µ–Ω–Ω—ã
                                                  –º –Ω–∞–±–æ—Ä–æ–º –∫–æ–º–∞...

You may provide a definition with
\DeclareUnicodeCharacter 


! LaTeX Error: Unicode character –º (U+043C)
               not set up for use with LaTeX.

See the LaTeX manual or LaTeX Companion for explanation.
Type  H <return>  for immediate help.
 ...                                              
                                                  
l.4 ...Å—è –æ—Ç–∫—Ä—ã—Ç—ã–º —Å–æ–≤—Ä–µ–º–µ–Ω–Ω—ã–º
                                                   –Ω–∞–±–æ—Ä–æ–º –∫–æ–º–∞–Ω...

You may provide a definition with
\DeclareUnicodeCharacter 


! LaTeX Error: Unicode character –Ω (U+043D)
               not set up for use with LaTeX.

See the LaTeX manual or LaTeX Companion for explanation.
Type  H <return>  for immediate help.
 ...                                              
                                                  
l.4 ... –æ—Ç–∫—Ä—ã—Ç—ã–º —Å–æ–≤—Ä–µ–º–µ–Ω–Ω—ã–º –Ω
                                                  –∞–±–æ—Ä–æ–º –∫–æ–º–∞–Ω–¥,...

You may provide a definition with
\DeclareUnicodeCharacter 


! LaTeX Error: Unicode character –∞ (U+0430)
               not set up for use with LaTeX.

See the LaTeX manual or LaTeX Companion for explanation.
Type  H <return>  for immediate help.
 ...                                              
                                                  
l.4 ...æ—Ç–∫—Ä—ã—Ç—ã–º —Å–æ–≤—Ä–µ–º–µ–Ω–Ω—ã–º –Ω–∞
                                                  –±–æ—Ä–æ–º –∫–æ–º–∞–Ω–¥, –...

You may provide a definition with
\DeclareUnicodeCharacter 


! LaTeX Error: Unicode character –± (U+0431)
               not set up for use with LaTeX.

See the LaTeX manual or LaTeX Companion for explanation.
Type  H <return>  for immediate help.
 ...                                              
                                                  
l.4 ...Ç–∫—Ä—ã—Ç—ã–º —Å–æ–≤—Ä–µ–º–µ–Ω–Ω—ã–º –Ω–∞–±
                                                  –æ—Ä–æ–º –∫–æ–º–∞–Ω–¥, –∫–...

You may provide a definition with
\DeclareUnicodeCharacter 


! LaTeX Error: Unicode character –æ (U+043E)
               not set up for use with LaTeX.

See the LaTeX manual or LaTeX Companion for explanation.
Type  H <return>  for immediate help.
 ...                                              
                                                  
l.4 ...∫—Ä—ã—Ç—ã–º —Å–æ–≤—Ä–µ–º–µ–Ω–Ω—ã–º –Ω–∞–±–æ
                                                  —Ä–æ–º –∫–æ–º–∞–Ω–¥, –∫–æ—...

You may provide a definition with
\DeclareUnicodeCharacter 


! LaTeX Error: Unicode character —Ä (U+0440)
               not set up for use with LaTeX.

See the LaTeX manual or LaTeX Companion for explanation.
Type  H <return>  for immediate help.
 ...                                              
                                                  
l.4 ...Ä—ã—Ç—ã–º —Å–æ–≤—Ä–µ–º–µ–Ω–Ω—ã–º –Ω–∞–±–æ—Ä
                                                  –æ–º –∫–æ–º–∞–Ω–¥, –∫–æ—Ç–...

You may provide a definition with
\DeclareUnicodeCharacter 


! LaTeX Error: Unicode character –æ (U+043E)
               not set up for use with LaTeX.

See the LaTeX manual or LaTeX Companion for explanation.
Type  H <return>  for immediate help.
 ...                                              
                                                  
l.4 ...ã—Ç—ã–º —Å–æ–≤—Ä–µ–º–µ–Ω–Ω—ã–º –Ω–∞–±–æ—Ä–æ
                                                  –º –∫–æ–º–∞–Ω–¥, –∫–æ—Ç–æ—...

You may provide a definition with
\DeclareUnicodeCharacter 


! LaTeX Error: Unicode character –º (U+043C)
               not set up for use with LaTeX.

See the LaTeX manual or LaTeX Companion for explanation.
Type  H <return>  for immediate help.
 ...                                              
                                                  
l.4 ...Ç—ã–º —Å–æ–≤—Ä–µ–º–µ–Ω–Ω—ã–º –Ω–∞–±–æ—Ä–æ–º
                                                   –∫–æ–º–∞–Ω–¥, –∫–æ—Ç–æ—Ä—...

You may provide a definition with
\DeclareUnicodeCharacter 


! LaTeX Error: Unicode character –∫ (U+043A)
               not set up for use with LaTeX.

See the LaTeX manual or LaTeX Companion for explanation.
Type  H <return>  for immediate help.
 ...                                              
                                                  
l.4 ...–º —Å–æ–≤—Ä–µ–º–µ–Ω–Ω—ã–º –Ω–∞–±–æ—Ä–æ–º –∫
                                                  –æ–º–∞–Ω–¥, –∫–æ—Ç–æ—Ä—ã–π...

You may provide a definition with
\DeclareUnicodeCharacter 


! LaTeX Error: Unicode character –æ (U+043E)
               not set up for use with LaTeX.

See the LaTeX manual or LaTeX Companion for explanation.
Type  H <return>  for immediate help.
 ...                                              
                                                  
l.4 ... —Å–æ–≤—Ä–µ–º–µ–Ω–Ω—ã–º –Ω–∞–±–æ—Ä–æ–º –∫–æ
                                                  –º–∞–Ω–¥, –∫–æ—Ç–æ—Ä—ã–π –...

You may provide a definition with
\DeclareUnicodeCharacter 


! LaTeX Error: Unicode character –º (U+043C)
               not set up for use with LaTeX.

See the LaTeX manual or LaTeX Companion for explanation.
Type  H <return>  for immediate help.
 ...                                              
                                                  
l.4 ...Å–æ–≤—Ä–µ–º–µ–Ω–Ω—ã–º –Ω–∞–±–æ—Ä–æ–º –∫–æ–º
                                                  –∞–Ω–¥, –∫–æ—Ç–æ—Ä—ã–π –º–...

You may provide a definition with
\DeclareUnicodeCharacter 


! LaTeX Error: Unicode character –∞ (U+0430)
               not set up for use with LaTeX.

See the LaTeX manual or LaTeX Companion for explanation.
Type  H <return>  for immediate help.
 ...                                              
                                                  
l.4 ...æ–≤—Ä–µ–º–µ–Ω–Ω—ã–º –Ω–∞–±–æ—Ä–æ–º –∫–æ–º–∞
                                                  –Ω–¥, –∫–æ—Ç–æ—Ä—ã–π –º–æ–...

You may provide a definition with
\DeclareUnicodeCharacter 


! LaTeX Error: Unicode character –Ω (U+043D)
               not set up for use with LaTeX.

See the LaTeX manual or LaTeX Companion for explanation.
Type  H <return>  for immediate help.
 ...                                              
                                                  
l.4 ...≤—Ä–µ–º–µ–Ω–Ω—ã–º –Ω–∞–±–æ—Ä–æ–º –∫–æ–º–∞–Ω
                                                  –¥, –∫–æ—Ç–æ—Ä—ã–π –º–æ–∂–...

You may provide a definition with
\DeclareUnicodeCharacter 


! LaTeX Error: Unicode character –¥ (U+0434)
               not set up for use with LaTeX.

See the LaTeX manual or LaTeX Companion for explanation.
Type  H <return>  for immediate help.
 ...                                              
                                                  
l.4 ...Ä–µ–º–µ–Ω–Ω—ã–º –Ω–∞–±–æ—Ä–æ–º –∫–æ–º–∞–Ω–¥
                                                  , –∫–æ—Ç–æ—Ä—ã–π –º–æ–∂–µ—...

You may provide a definition with
\DeclareUnicodeCharacter 

Missing character: There is no , in font nullfont!

! LaTeX Error: Unicode character –∫ (U+043A)
               not set up for use with LaTeX.

See the LaTeX manual or LaTeX Companion for explanation.
Type  H <return>  for immediate help.
 ...                                              
                                                  
l.4 ...º–µ–Ω–Ω—ã–º –Ω–∞–±–æ—Ä–æ–º –∫–æ–º–∞–Ω–¥, –∫
                                                  –æ—Ç–æ—Ä—ã–π –º–æ–∂–µ—Ç –∏...

You may provide a definition with
\DeclareUnicodeCharacter 


! LaTeX Error: Unicode character –æ (U+043E)
               not set up for use with LaTeX.

See the LaTeX manual or LaTeX Companion for explanation.
Type  H <return>  for immediate help.
 ...                                              
                                                  
l.4 ...µ–Ω–Ω—ã–º –Ω–∞–±–æ—Ä–æ–º –∫–æ–º–∞–Ω–¥, –∫–æ
                                                  —Ç–æ—Ä—ã–π –º–æ–∂–µ—Ç –∏—Å...

You may provide a definition with
\DeclareUnicodeCharacter 


! LaTeX Error: Unicode character —Ç (U+0442)
               not set up for use with LaTeX.

See the LaTeX manual or LaTeX Companion for explanation.
Type  H <return>  for immediate help.
 ...                                              
                                                  
l.4 ...Ω–Ω—ã–º –Ω–∞–±–æ—Ä–æ–º –∫–æ–º–∞–Ω–¥, –∫–æ—Ç
                                                  –æ—Ä—ã–π –º–æ–∂–µ—Ç –∏—Å–ø...

You may provide a definition with
\DeclareUnicodeCharacter 


! LaTeX Error: Unicode character –æ (U+043E)
               not set up for use with LaTeX.

See the LaTeX manual or LaTeX Companion for explanation.
Type  H <return>  for immediate help.
 ...                                              
                                                  
l.4 ...Ω—ã–º –Ω–∞–±–æ—Ä–æ–º –∫–æ–º–∞–Ω–¥, –∫–æ—Ç–æ
                                                  —Ä—ã–π –º–æ–∂–µ—Ç –∏—Å–ø–æ...

You may provide a definition with
\DeclareUnicodeCharacter 


! LaTeX Error: Unicode character —Ä (U+0440)
               not set up for use with LaTeX.

See the LaTeX manual or LaTeX Companion for explanation.
Type  H <return>  for immediate help.
 ...                                              
                                                  
l.4 ...ã–º –Ω–∞–±–æ—Ä–æ–º –∫–æ–º–∞–Ω–¥, –∫–æ—Ç–æ—Ä
                                                  —ã–π –º–æ–∂–µ—Ç –∏—Å–ø–æ–ª...

You may provide a definition with
\DeclareUnicodeCharacter 


! LaTeX Error: Unicode character —ã (U+044B)
               not set up for use with LaTeX.

See the LaTeX manual or LaTeX Companion for explanation.
Type  H <return>  for immediate help.
 ...                                              
                                                  
l.4 ...º –Ω–∞–±–æ—Ä–æ–º –∫–æ–º–∞–Ω–¥, –∫–æ—Ç–æ—Ä—ã
                                                  –π –º–æ–∂–µ—Ç –∏—Å–ø–æ–ª—å...

You may provide a definition with
\DeclareUnicodeCharacter 


! LaTeX Error: Unicode character –π (U+0439)
               not set up for use with LaTeX.

See the LaTeX manual or LaTeX Companion for explanation.
Type  H <return>  for immediate help.
 ...                                              
                                                  
l.4 ...–Ω–∞–±–æ—Ä–æ–º –∫–æ–º–∞–Ω–¥, –∫–æ—Ç–æ—Ä—ã–π
                                                   –º–æ–∂–µ—Ç –∏—Å–ø–æ–ª—å–∑...

You may provide a definition with
\DeclareUnicodeCharacter 


! LaTeX Error: Unicode character –º (U+043C)
               not set up for use with LaTeX.

See the LaTeX manual or LaTeX Companion for explanation.
Type  H <return>  for immediate help.
 ...                                              
                                                  
l.4 ...∞–±–æ—Ä–æ–º –∫–æ–º–∞–Ω–¥, –∫–æ—Ç–æ—Ä—ã–π –º
                                                  –æ–∂–µ—Ç –∏—Å–ø–æ–ª—å–∑–æ–...

You may provide a definition with
\DeclareUnicodeCharacter 


! LaTeX Error: Unicode character –æ (U+043E)
               not set up for use with LaTeX.

See the LaTeX manual or LaTeX Companion for explanation.
Type  H <return>  for immediate help.
 ...                                              
                                                  
l.4 ...±–æ—Ä–æ–º –∫–æ–º–∞–Ω–¥, –∫–æ—Ç–æ—Ä—ã–π –º–æ
                                                  –∂–µ—Ç –∏—Å–ø–æ–ª—å–∑–æ–≤–...

You may provide a definition with
\DeclareUnicodeCharacter 


! LaTeX Error: Unicode character –∂ (U+0436)
               not set up for use with LaTeX.

See the LaTeX manual or LaTeX Companion for explanation.
Type  H <return>  for immediate help.
 ...                                              
                                                  
l.4 ...æ—Ä–æ–º –∫–æ–º–∞–Ω–¥, –∫–æ—Ç–æ—Ä—ã–π –º–æ–∂
                                                  –µ—Ç –∏—Å–ø–æ–ª—å–∑–æ–≤–∞—...

You may provide a definition with
\DeclareUnicodeCharacter 


! LaTeX Error: Unicode character –µ (U+0435)
               not set up for use with LaTeX.

See the LaTeX manual or LaTeX Companion for explanation.
Type  H <return>  for immediate help.
 ...                                              
                                                  
l.4 ...Ä–æ–º –∫–æ–º–∞–Ω–¥, –∫–æ—Ç–æ—Ä—ã–π –º–æ–∂–µ
                                                  —Ç –∏—Å–ø–æ–ª—å–∑–æ–≤–∞—Ç—...

You may provide a definition with
\DeclareUnicodeCharacter 


! LaTeX Error: Unicode character —Ç (U+0442)
               not set up for use with LaTeX.

See the LaTeX manual or LaTeX Companion for explanation.
Type  H <return>  for immediate help.
 ...                                              
                                                  
l.4 ...æ–º –∫–æ–º–∞–Ω–¥, –∫–æ—Ç–æ—Ä—ã–π –º–æ–∂–µ—Ç
                                                   –∏—Å–ø–æ–ª—å–∑–æ–≤–∞—Ç—å—...

You may provide a definition with
\DeclareUnicodeCharacter 


! LaTeX Error: Unicode character –∏ (U+0438)
               not set up for use with LaTeX.

See the LaTeX manual or LaTeX Companion for explanation.
Type  H <return>  for immediate help.
 ...                                              
                                                  
l.4 ... –∫–æ–º–∞–Ω–¥, –∫–æ—Ç–æ—Ä—ã–π –º–æ–∂–µ—Ç –∏
                                                  —Å–ø–æ–ª—å–∑–æ–≤–∞—Ç—å—Å—è...

You may provide a definition with
\DeclareUnicodeCharacter 


! LaTeX Error: Unicode character —Å (U+0441)
               not set up for use with LaTeX.

See the LaTeX manual or LaTeX Companion for explanation.
Type  H <return>  for immediate help.
 ...                                              
                                                  
l.4 ...∫–æ–º–∞–Ω–¥, –∫–æ—Ç–æ—Ä—ã–π –º–æ–∂–µ—Ç –∏—Å
                                                  –ø–æ–ª—å–∑–æ–≤–∞—Ç—å—Å—è –...

You may provide a definition with
\DeclareUnicodeCharacter 


! LaTeX Error: Unicode character –ø (U+043F)
               not set up for use with LaTeX.

See the LaTeX manual or LaTeX Companion for explanation.
Type  H <return>  for immediate help.
 ...                                              
                                                  
l.4 ...æ–º–∞–Ω–¥, –∫–æ—Ç–æ—Ä—ã–π –º–æ–∂–µ—Ç –∏—Å–ø
                                                  –æ–ª—å–∑–æ–≤–∞—Ç—å—Å—è –¥–ª—è

You may provide a definition with
\DeclareUnicodeCharacter 


! LaTeX Error: Unicode character –æ (U+043E)
               not set up for use with LaTeX.

See the LaTeX manual or LaTeX Companion for explanation.
Type  H <return>  for immediate help.
 ...                                              
                                                  
l.4 ...º–∞–Ω–¥, –∫–æ—Ç–æ—Ä—ã–π –º–æ–∂–µ—Ç –∏—Å–ø–æ
                                                  –ª—å–∑–æ–≤–∞—Ç—å—Å—è –¥–ª—è
You may provide a definition with
\DeclareUnicodeCharacter 


! LaTeX Error: Unicode character –ª (U+043B)
               not set up for use with LaTeX.

See the LaTeX manual or LaTeX Companion for explanation.
Type  H <return>  for immediate help.
 ...                                              
                                                  
l.4 ...∞–Ω–¥, –∫–æ—Ç–æ—Ä—ã–π –º–æ–∂–µ—Ç –∏—Å–ø–æ–ª
                                                  —å–∑–æ–≤–∞—Ç—å—Å—è –¥–ª—è
You may provide a definition with
\DeclareUnicodeCharacter 


! LaTeX Error: Unicode character —å (U+044C)
               not set up for use with LaTeX.

See the LaTeX manual or LaTeX Companion for explanation.
Type  H <return>  for immediate help.
 ...                                              
                                                  
l.4 ...Ω–¥, –∫–æ—Ç–æ—Ä—ã–π –º–æ–∂–µ—Ç –∏—Å–ø–æ–ª—å
                                                  –∑–æ–≤–∞—Ç—å—Å—è –¥–ª—è
You may provide a definition with
\DeclareUnicodeCharacter 


! LaTeX Error: Unicode character –∑ (U+0437)
               not set up for use with LaTeX.

See the LaTeX manual or LaTeX Companion for explanation.
Type  H <return>  for immediate help.
 ...                                              
                                                  
l.4 ...¥, –∫–æ—Ç–æ—Ä—ã–π –º–æ–∂–µ—Ç –∏—Å–ø–æ–ª—å–∑
                                                  –æ–≤–∞—Ç—å—Å—è –¥–ª—è
You may provide a definition with
\DeclareUnicodeCharacter 


! LaTeX Error: Unicode character –æ (U+043E)
               not set up for use with LaTeX.

See the LaTeX manual or LaTeX Companion for explanation.
Type  H <return>  for immediate help.
 ...                                              
                                                  
l.4 ... –∫–æ—Ç–æ—Ä—ã–π –º–æ–∂–µ—Ç –∏—Å–ø–æ–ª—å–∑–æ
                                                  –≤–∞—Ç—å—Å—è –¥–ª—è
You may provide a definition with
\DeclareUnicodeCharacter 


! LaTeX Error: Unicode character –≤ (U+0432)
               not set up for use with LaTeX.

See the LaTeX manual or LaTeX Companion for explanation.
Type  H <return>  for immediate help.
 ...                                              
                                                  
l.4 ...∫–æ—Ç–æ—Ä—ã–π –º–æ–∂–µ—Ç –∏—Å–ø–æ–ª—å–∑–æ–≤
                                                  –∞—Ç—å—Å—è –¥–ª—è
You may provide a definition with
\DeclareUnicodeCharacter 


! LaTeX Error: Unicode character –∞ (U+0430)
               not set up for use with LaTeX.

See the LaTeX manual or LaTeX Companion for explanation.
Type  H <return>  for immediate help.
 ...                                              
                                                  
l.4 ...æ—Ç–æ—Ä—ã–π –º–æ–∂–µ—Ç –∏—Å–ø–æ–ª—å–∑–æ–≤–∞
                                                  —Ç—å—Å—è –¥–ª—è
You may provide a definition with
\DeclareUnicodeCharacter 


! LaTeX Error: Unicode character —Ç (U+0442)
               not set up for use with LaTeX.

See the LaTeX manual or LaTeX Companion for explanation.
Type  H <return>  for immediate help.
 ...                                              
                                                  
l.4 ...Ç–æ—Ä—ã–π –º–æ–∂–µ—Ç –∏—Å–ø–æ–ª—å–∑–æ–≤–∞—Ç
                                                  —å—Å—è –¥–ª—è
You may provide a definition with
\DeclareUnicodeCharacter 


! LaTeX Error: Unicode character —å (U+044C)
               not set up for use with LaTeX.

See the LaTeX manual or LaTeX Companion for explanation.
Type  H <return>  for immediate help.
 ...                                              
                                                  
l.4 ...æ—Ä—ã–π –º–æ–∂–µ—Ç –∏—Å–ø–æ–ª—å–∑–æ–≤–∞—Ç—å
                                                  —Å—è –¥–ª—è
You may provide a definition with
\DeclareUnicodeCharacter 


! LaTeX Error: Unicode character —Å (U+0441)
               not set up for use with LaTeX.

See the LaTeX manual or LaTeX Companion for explanation.
Type  H <return>  for immediate help.
 ...                                              
                                                  
l.4 ...Ä—ã–π –º–æ–∂–µ—Ç –∏—Å–ø–æ–ª—å–∑–æ–≤–∞—Ç—å—Å
                                                  —è –¥–ª—è
You may provide a definition with
\DeclareUnicodeCharacter 


! LaTeX Error: Unicode character —è (U+044F)
               not set up for use with LaTeX.

See the LaTeX manual or LaTeX Companion for explanation.
Type  H <return>  for immediate help.
 ...                                              
                                                  
l.4 ...ã–π –º–æ–∂–µ—Ç –∏—Å–ø–æ–ª—å–∑–æ–≤–∞—Ç—å—Å—è
                                                   –¥–ª—è
You may provide a definition with
\DeclareUnicodeCharacter 


! LaTeX Error: Unicode character –¥ (U+0434)
               not set up for use with LaTeX.

See the LaTeX manual or LaTeX Companion for explanation.
Type  H <return>  for immediate help.
 ...                                              
                                                  
l.4 ... –º–æ–∂–µ—Ç –∏—Å–ø–æ–ª—å–∑–æ–≤–∞—Ç—å—Å—è –¥
                                                  –ª—è
You may provide a definition with
\DeclareUnicodeCharacter 


! LaTeX Error: Unicode character –ª (U+043B)
               not set up for use with LaTeX.

See the LaTeX manual or LaTeX Companion for explanation.
Type  H <return>  for immediate help.
 ...                                              
                                                  
l.4 ...º–æ–∂–µ—Ç –∏—Å–ø–æ–ª—å–∑–æ–≤–∞—Ç—å—Å—è –¥–ª
                                                  —è
You may provide a definition with
\DeclareUnicodeCharacter 


! LaTeX Error: Unicode character —è (U+044F)
               not set up for use with LaTeX.

See the LaTeX manual or LaTeX Companion for explanation.
Type  H <return>  for immediate help.
 ...                                              
                                                  
l.4 ...æ–∂–µ—Ç –∏—Å–ø–æ–ª—å–∑–æ–≤–∞—Ç—å—Å—è –¥–ª—è
                                                  
You may provide a definition with
\DeclareUnicodeCharacter 


! LaTeX Error: Unicode character –ø (U+043F)
               not set up for use with LaTeX.

See the LaTeX manual or LaTeX Companion for explanation.
Type  H <return>  for immediate help.
 ...                                              
                                                  
l.5 –ø
      –æ—Å—Ç—Ä–æ–µ–Ω–∏—è –∫–∞–∫ –º–∏–∫—Ä–æ–∫–æ–Ω—Ç—Ä–æ–ª–ª–µ—Ä–æ–≤, —Ç–∞–∫ –...

You may provide a definition with
\DeclareUnicodeCharacter 


! LaTeX Error: Unicode character –æ (U+043E)
               not set up for use with LaTeX.

See the LaTeX manual or LaTeX Companion for explanation.
Type  H <return>  for immediate help.
 ...                                              
                                                  
l.5 –ø–æ
        —Å—Ç—Ä–æ–µ–Ω–∏—è –∫–∞–∫ –º–∏–∫—Ä–æ–∫–æ–Ω—Ç—Ä–æ–ª–ª–µ—Ä–æ–≤, —Ç–∞–∫ –...

You may provide a definition with
\DeclareUnicodeCharacter 


! LaTeX Error: Unicode character —Å (U+0441)
               not set up for use with LaTeX.

See the LaTeX manual or LaTeX Companion for explanation.
Type  H <return>  for immediate help.
 ...                                              
                                                  
l.5 –ø–æ—Å
          —Ç—Ä–æ–µ–Ω–∏—è –∫–∞–∫ –º–∏–∫—Ä–æ–∫–æ–Ω—Ç—Ä–æ–ª–ª–µ—Ä–æ–≤, —Ç–∞–∫ –...

You may provide a definition with
\DeclareUnicodeCharacter 


! LaTeX Error: Unicode character —Ç (U+0442)
               not set up for use with LaTeX.

See the LaTeX manual or LaTeX Companion for explanation.
Type  H <return>  for immediate help.
 ...                                              
                                                  
l.5 –ø–æ—Å—Ç
            —Ä–æ–µ–Ω–∏—è –∫–∞–∫ –º–∏–∫—Ä–æ–∫–æ–Ω—Ç—Ä–æ–ª–ª–µ—Ä–æ–≤, —Ç–∞–∫ –...

You may provide a definition with
\DeclareUnicodeCharacter 


! LaTeX Error: Unicode character —Ä (U+0440)
               not set up for use with LaTeX.

See the LaTeX manual or LaTeX Companion for explanation.
Type  H <return>  for immediate help.
 ...                                              
                                                  
l.5 –ø–æ—Å—Ç—Ä
              –æ–µ–Ω–∏—è –∫–∞–∫ –º–∏–∫—Ä–æ–∫–æ–Ω—Ç—Ä–æ–ª–ª–µ—Ä–æ–≤, —Ç–∞–∫ –...

You may provide a definition with
\DeclareUnicodeCharacter 


! LaTeX Error: Unicode character –æ (U+043E)
               not set up for use with LaTeX.

See the LaTeX manual or LaTeX Companion for explanation.
Type  H <return>  for immediate help.
 ...                                              
                                                  
l.5 –ø–æ—Å—Ç—Ä–æ
                –µ–Ω–∏—è –∫–∞–∫ –º–∏–∫—Ä–æ–∫–æ–Ω—Ç—Ä–æ–ª–ª–µ—Ä–æ–≤, —Ç–∞–∫ –...

You may provide a definition with
\DeclareUnicodeCharacter 


! LaTeX Error: Unicode character –µ (U+0435)
               not set up for use with LaTeX.

See the LaTeX manual or LaTeX Companion for explanation.
Type  H <return>  for immediate help.
 ...                                              
                                                  
l.5 –ø–æ—Å—Ç—Ä–æ–µ
                  –Ω–∏—è –∫–∞–∫ –º–∏–∫—Ä–æ–∫–æ–Ω—Ç—Ä–æ–ª–ª–µ—Ä–æ–≤, —Ç–∞–∫ –...

You may provide a definition with
\DeclareUnicodeCharacter 


! LaTeX Error: Unicode character –Ω (U+043D)
               not set up for use with LaTeX.

See the LaTeX manual or LaTeX Companion for explanation.
Type  H <return>  for immediate help.
 ...                                              
                                                  
l.5 –ø–æ—Å—Ç—Ä–æ–µ–Ω
                    –∏—è –∫–∞–∫ –º–∏–∫—Ä–æ–∫–æ–Ω—Ç—Ä–æ–ª–ª–µ—Ä–æ–≤, —Ç–∞–∫ –...

You may provide a definition with
\DeclareUnicodeCharacter 


! LaTeX Error: Unicode character –∏ (U+0438)
               not set up for use with LaTeX.

See the LaTeX manual or LaTeX Companion for explanation.
Type  H <return>  for immediate help.
 ...                                              
                                                  
l.5 –ø–æ—Å—Ç—Ä–æ–µ–Ω–∏
                      —è –∫–∞–∫ –º–∏–∫—Ä–æ–∫–æ–Ω—Ç—Ä–æ–ª–ª–µ—Ä–æ–≤, —Ç–∞–∫ –...

You may provide a definition with
\DeclareUnicodeCharacter 


! LaTeX Error: Unicode character —è (U+044F)
               not set up for use with LaTeX.

See the LaTeX manual or LaTeX Companion for explanation.
Type  H <return>  for immediate help.
 ...                                              
                                                  
l.5 –ø–æ—Å—Ç—Ä–æ–µ–Ω–∏—è
                         –∫–∞–∫ –º–∏–∫—Ä–æ–∫–æ–Ω—Ç—Ä–æ–ª–ª–µ—Ä–æ–≤, —Ç–∞–∫ –...

You may provide a definition with
\DeclareUnicodeCharacter 


! LaTeX Error: Unicode character –∫ (U+043A)
               not set up for use with LaTeX.

See the LaTeX manual or LaTeX Companion for explanation.
Type  H <return>  for immediate help.
 ...                                              
                                                  
l.5 –ø–æ—Å—Ç—Ä–æ–µ–Ω–∏—è –∫
                           –∞–∫ –º–∏–∫—Ä–æ–∫–æ–Ω—Ç—Ä–æ–ª–ª–µ—Ä–æ–≤, —Ç–∞–∫ –...

You may provide a definition with
\DeclareUnicodeCharacter 


! LaTeX Error: Unicode character –∞ (U+0430)
               not set up for use with LaTeX.

See the LaTeX manual or LaTeX Companion for explanation.
Type  H <return>  for immediate help.
 ...                                              
                                                  
l.5 –ø–æ—Å—Ç—Ä–æ–µ–Ω–∏—è –∫–∞
                             –∫ –º–∏–∫—Ä–æ–∫–æ–Ω—Ç—Ä–æ–ª–ª–µ—Ä–æ–≤, —Ç–∞–∫ –...

You may provide a definition with
\DeclareUnicodeCharacter 


! LaTeX Error: Unicode character –∫ (U+043A)
               not set up for use with LaTeX.

See the LaTeX manual or LaTeX Companion for explanation.
Type  H <return>  for immediate help.
 ...                                              
                                                  
l.5 –ø–æ—Å—Ç—Ä–æ–µ–Ω–∏—è –∫–∞–∫
                                –º–∏–∫—Ä–æ–∫–æ–Ω—Ç—Ä–æ–ª–ª–µ—Ä–æ–≤, —Ç–∞–∫ –...

You may provide a definition with
\DeclareUnicodeCharacter 


! LaTeX Error: Unicode character –º (U+043C)
               not set up for use with LaTeX.

See the LaTeX manual or LaTeX Companion for explanation.
Type  H <return>  for immediate help.
 ...                                              
                                                  
l.5 –ø–æ—Å—Ç—Ä–æ–µ–Ω–∏—è –∫–∞–∫ –º
                                  –∏–∫—Ä–æ–∫–æ–Ω—Ç—Ä–æ–ª–ª–µ—Ä–æ–≤, —Ç–∞–∫ –...

You may provide a definition with
\DeclareUnicodeCharacter 


! LaTeX Error: Unicode character –∏ (U+0438)
               not set up for use with LaTeX.

See the LaTeX manual or LaTeX Companion for explanation.
Type  H <return>  for immediate help.
 ...                                              
                                                  
l.5 –ø–æ—Å—Ç—Ä–æ–µ–Ω–∏—è –∫–∞–∫ –º–∏
                                    –∫—Ä–æ–∫–æ–Ω—Ç—Ä–æ–ª–ª–µ—Ä–æ–≤, —Ç–∞–∫ –...

You may provide a definition with
\DeclareUnicodeCharacter 


! LaTeX Error: Unicode character –∫ (U+043A)
               not set up for use with LaTeX.

See the LaTeX manual or LaTeX Companion for explanation.
Type  H <return>  for immediate help.
 ...                                              
                                                  
l.5 –ø–æ—Å—Ç—Ä–æ–µ–Ω–∏—è –∫–∞–∫ –º–∏–∫
                                      —Ä–æ–∫–æ–Ω—Ç—Ä–æ–ª–ª–µ—Ä–æ–≤, —Ç–∞–∫ –...

You may provide a definition with
\DeclareUnicodeCharacter 


! LaTeX Error: Unicode character —Ä (U+0440)
               not set up for use with LaTeX.

See the LaTeX manual or LaTeX Companion for explanation.
Type  H <return>  for immediate help.
 ...                                              
                                                  
l.5 –ø–æ—Å—Ç—Ä–æ–µ–Ω–∏—è –∫–∞–∫ –º–∏–∫—Ä
                                        –æ–∫–æ–Ω—Ç—Ä–æ–ª–ª–µ—Ä–æ–≤, —Ç–∞–∫ –...

You may provide a definition with
\DeclareUnicodeCharacter 


! LaTeX Error: Unicode character –æ (U+043E)
               not set up for use with LaTeX.

See the LaTeX manual or LaTeX Companion for explanation.
Type  H <return>  for immediate help.
 ...                                              
                                                  
l.5 –ø–æ—Å—Ç—Ä–æ–µ–Ω–∏—è –∫–∞–∫ –º–∏–∫—Ä–æ
                                          –∫–æ–Ω—Ç—Ä–æ–ª–ª–µ—Ä–æ–≤, —Ç–∞–∫ –...

You may provide a definition with
\DeclareUnicodeCharacter 


! LaTeX Error: Unicode character –∫ (U+043A)
               not set up for use with LaTeX.

See the LaTeX manual or LaTeX Companion for explanation.
Type  H <return>  for immediate help.
 ...                                              
                                                  
l.5 –ø–æ—Å—Ç—Ä–æ–µ–Ω–∏—è –∫–∞–∫ –º–∏–∫—Ä–æ–∫
                                            –æ–Ω—Ç—Ä–æ–ª–ª–µ—Ä–æ–≤, —Ç–∞–∫ –...

You may provide a definition with
\DeclareUnicodeCharacter 


! LaTeX Error: Unicode character –æ (U+043E)
               not set up for use with LaTeX.

See the LaTeX manual or LaTeX Companion for explanation.
Type  H <return>  for immediate help.
 ...                                              
                                                  
l.5 –ø–æ—Å—Ç—Ä–æ–µ–Ω–∏—è –∫–∞–∫ –º–∏–∫—Ä–æ–∫–æ
                                              –Ω—Ç—Ä–æ–ª–ª–µ—Ä–æ–≤, —Ç–∞–∫ –...

You may provide a definition with
\DeclareUnicodeCharacter 


! LaTeX Error: Unicode character –Ω (U+043D)
               not set up for use with LaTeX.

See the LaTeX manual or LaTeX Companion for explanation.
Type  H <return>  for immediate help.
 ...                                              
                                                  
l.5 –ø–æ—Å—Ç—Ä–æ–µ–Ω–∏—è –∫–∞–∫ –º–∏–∫—Ä–æ–∫–æ–Ω
                                                —Ç—Ä–æ–ª–ª–µ—Ä–æ–≤, —Ç–∞–∫ –...

You may provide a definition with
\DeclareUnicodeCharacter 


! LaTeX Error: Unicode character —Ç (U+0442)
               not set up for use with LaTeX.

See the LaTeX manual or LaTeX Companion for explanation.
Type  H <return>  for immediate help.
 ...                                              
                                                  
l.5 –ø–æ—Å—Ç—Ä–æ–µ–Ω–∏—è –∫–∞–∫ –º–∏–∫—Ä–æ–∫–æ–Ω—Ç
                                                  —Ä–æ–ª–ª–µ—Ä–æ–≤, —Ç–∞–∫ –...

You may provide a definition with
\DeclareUnicodeCharacter 


! LaTeX Error: Unicode character —Ä (U+0440)
               not set up for use with LaTeX.

See the LaTeX manual or LaTeX Companion for explanation.
Type  H <return>  for immediate help.
 ...                                              
                                                  
l.5 ...Å—Ç—Ä–æ–µ–Ω–∏—è –∫–∞–∫ –º–∏–∫—Ä–æ–∫–æ–Ω—Ç—Ä
                                                  –æ–ª–ª–µ—Ä–æ–≤, —Ç–∞–∫ –∏ ...

You may provide a definition with
\DeclareUnicodeCharacter 


! LaTeX Error: Unicode character –æ (U+043E)
               not set up for use with LaTeX.

See the LaTeX manual or LaTeX Companion for explanation.
Type  H <return>  for immediate help.
 ...                                              
                                                  
l.5 ...Ç—Ä–æ–µ–Ω–∏—è –∫–∞–∫ –º–∏–∫—Ä–æ–∫–æ–Ω—Ç—Ä–æ
                                                  –ª–ª–µ—Ä–æ–≤, —Ç–∞–∫ –∏ –≤...

You may provide a definition with
\DeclareUnicodeCharacter 


! LaTeX Error: Unicode character –ª (U+043B)
               not set up for use with LaTeX.

See the LaTeX manual or LaTeX Companion for explanation.
Type  H <return>  for immediate help.
 ...                                              
                                                  
l.5 ...Ä–æ–µ–Ω–∏—è –∫–∞–∫ –º–∏–∫—Ä–æ–∫–æ–Ω—Ç—Ä–æ–ª
                                                  –ª–µ—Ä–æ–≤, —Ç–∞–∫ –∏ –≤—ã...

You may provide a definition with
\DeclareUnicodeCharacter 


! LaTeX Error: Unicode character –ª (U+043B)
               not set up for use with LaTeX.

See the LaTeX manual or LaTeX Companion for explanation.
Type  H <return>  for immediate help.
 ...                                              
                                                  
l.5 ...æ–µ–Ω–∏—è –∫–∞–∫ –º–∏–∫—Ä–æ–∫–æ–Ω—Ç—Ä–æ–ª–ª
                                                  –µ—Ä–æ–≤, —Ç–∞–∫ –∏ –≤—ã—Å...

You may provide a definition with
\DeclareUnicodeCharacter 


! LaTeX Error: Unicode character –µ (U+0435)
               not set up for use with LaTeX.

See the LaTeX manual or LaTeX Companion for explanation.
Type  H <return>  for immediate help.
 ...                                              
                                                  
l.5 ...µ–Ω–∏—è –∫–∞–∫ –º–∏–∫—Ä–æ–∫–æ–Ω—Ç—Ä–æ–ª–ª–µ
                                                  —Ä–æ–≤, —Ç–∞–∫ –∏ –≤—ã—Å–æ...

You may provide a definition with
\DeclareUnicodeCharacter 


! LaTeX Error: Unicode character —Ä (U+0440)
               not set up for use with LaTeX.

See the LaTeX manual or LaTeX Companion for explanation.
Type  H <return>  for immediate help.
 ...                                              
                                                  
l.5 ...Ω–∏—è –∫–∞–∫ –º–∏–∫—Ä–æ–∫–æ–Ω—Ç—Ä–æ–ª–ª–µ—Ä
                                                  –æ–≤, —Ç–∞–∫ –∏ –≤—ã—Å–æ–∫...

You may provide a definition with
\DeclareUnicodeCharacter 


! LaTeX Error: Unicode character –æ (U+043E)
               not set up for use with LaTeX.

See the LaTeX manual or LaTeX Companion for explanation.
Type  H <return>  for immediate help.
 ...                                              
                                                  
l.5 ...∏—è –∫–∞–∫ –º–∏–∫—Ä–æ–∫–æ–Ω—Ç—Ä–æ–ª–ª–µ—Ä–æ
                                                  –≤, —Ç–∞–∫ –∏ –≤—ã—Å–æ–∫–æ...

You may provide a definition with
\DeclareUnicodeCharacter 


! LaTeX Error: Unicode character –≤ (U+0432)
               not set up for use with LaTeX.

See the LaTeX manual or LaTeX Companion for explanation.
Type  H <return>  for immediate help.
 ...                                              
                                                  
l.5 ...è –∫–∞–∫ –º–∏–∫—Ä–æ–∫–æ–Ω—Ç—Ä–æ–ª–ª–µ—Ä–æ–≤
                                                  , —Ç–∞–∫ –∏ –≤—ã—Å–æ–∫–æ–ø...
(That makes 100 errors; please try again.) 
Here is how much of TeX's memory you used:
 41 strings out of 475477
 705 string characters out of 5784403
 1925187 words of memory out of 5000000
 22267 multiletter control sequences out of 15000+600000
 558069 words of font info for 36 fonts, out of 8000000 for 9000
 475 hyphenation exceptions out of 8191
 15i,0n,18p,203b,31s stack positions out of 10000i,1000n,20000p,200000b,200000s

!  ==> Fatal error occurred, no output PDF file produced!
